[19:21:04] [ServerMain/INFO]: Environment: Environment[sessionHost=https://sessionserver.mojang.com, servicesHost=https://api.minecraftservices.com, name=PROD]
[19:21:07] [ServerMain/INFO]: Loaded 1174 recipes
[19:21:08] [ServerMain/INFO]: Loaded 1271 advancements
[19:21:09] [Server thread/INFO]: Starting minecraft server version 1.20.4
[19:21:09] [Server thread/INFO]: Loading properties
[19:21:09] [Server thread/INFO]: This server is running Paper version git-Paper-499 (MC: 1.20.4) (Implementing API version 1.20.4-R0.1-SNAPSHOT) (Git: 9de3f75 on ver/1.20.4)
[19:21:11] [Server thread/INFO]: Server Ping Player Sample Count: 12
[19:21:11] [Server thread/INFO]: Using 4 threads for Netty based IO
[19:21:12] [Server thread/WARN]: [!] The timings profiler has been enabled but has been scheduled for removal from Paper in the future.
    We recommend installing the spark profiler as a replacement: https://spark.lucko.me/
    For more information please visit: https://github.com/PaperMC/Paper/issues/8948
[19:21:13] [Server thread/INFO]: [ChunkTaskScheduler] Chunk system is using 1 I/O threads, 1 worker threads, and gen parallelism of 1 threads
[19:21:14] [Server thread/INFO]: Default game type: SURVIVAL
[19:21:14] [Server thread/INFO]: Generating keypair
[19:21:14] [Server thread/INFO]: Starting Minecraft server on *:25565
[19:21:14] [Server thread/INFO]: Using epoll channel type
[19:21:14] [Server thread/INFO]: Paper: Using libdeflate (Linux x86_64) compression from Velocity.
[19:21:14] [Server thread/INFO]: Paper: Using OpenSSL 3.0.x (Linux x86_64) cipher from Velocity.
[19:21:15] [Server thread/INFO]: Server permissions file permissions.yml is empty, ignoring it
[19:21:15] [Server thread/INFO]: Preparing level "world"
[19:21:19] [Server thread/INFO]: Preparing start region for dimension minecraft:overworld
[19:21:19] [Server thread/INFO]: Time elapsed: 223 ms
[19:21:19] [Server thread/INFO]: Preparing start region for dimension minecraft:the_nether
[19:21:19] [Server thread/INFO]: Time elapsed: 227 ms
[19:21:19] [Server thread/INFO]: Preparing start region for dimension minecraft:the_end
[19:21:22] [Server thread/INFO]: Time elapsed: 2808 ms
[19:21:22] [Server thread/INFO]: Running delayed init tasks
[19:21:22] [Server thread/INFO]: Done (13.628s)! For help, type "help"
[19:21:22] [Server thread/INFO]: Timings Reset
[19:21:38] [Server thread/INFO]: There are 0 of a max of 20 players online: 
[19:21:40] [Server thread/INFO]: There are 0 of a max of 20 players online: 
[19:22:04] [Server thread/INFO]: Stopping the server
[19:22:04] [Server thread/INFO]: Stopping server
[19:22:04] [Server thread/INFO]: Saving players
[19:22:04] [Server thread/INFO]: Saving worlds
[19:22:04] [Server thread/INFO]: Saving chunks for level 'ServerLevel[world]'/minecraft:overworld
[19:22:05] [Server thread/INFO]: [ChunkHolderManager] Waiting 60s for chunk system to halt for world 'world'
[19:22:05] [Server thread/INFO]: [ChunkHolderManager] Halted chunk system for world 'world'
[19:22:05] [Server thread/INFO]: [ChunkHolderManager] Saving all chunkholders for world 'world'
